<?xml version="1.0" encoding="UTF-8"?>
<!-- Generated by org.testng.reporters.JUnitReportReporter -->
<testsuite hostname="LAPTOP-GGTLOUOF" failures="0" tests="10" name="rahulshetty_academy.rahulshetty" time="47.661" errors="0" timestamp="2023-02-22T15:55:30 IST" skipped="0">
  <testcase classname="rahulshetty_academy.rahulshetty" name="radio_buttons" time="3.261"/>
  <system-out/>
  <testcase classname="rahulshetty_academy.rahulshetty" name="suggestion" time="2.147"/>
  <system-out/>
  <testcase classname="rahulshetty_academy.rahulshetty" name="dropdown" time="8.733"/>
  <system-out/>
  <testcase classname="rahulshetty_academy.rahulshetty" name="check_box" time="2.230"/>
  <system-out/>
  <testcase classname="rahulshetty_academy.rahulshetty" name="switch_window" time="10.908"/>
  <system-out/>
  <testcase classname="rahulshetty_academy.rahulshetty" name="switch_tab" time="4.139"/>
  <system-out/>
  <testcase classname="rahulshetty_academy.rahulshetty" name="switch_to_alert" time="5.355"/>
  <system-out/>
  <testcase classname="rahulshetty_academy.rahulshetty" name="element_display" time="3.226"/>
  <system-out/>
  <testcase classname="rahulshetty_academy.rahulshetty" name="table" time="1.029"/>
  <system-out/>
  <testcase classname="rahulshetty_academy.rahulshetty" name="mouse_hover" time="6.633"/>
  <system-out/>
</testsuite> <!-- rahulshetty_academy.rahulshetty -->
